<?xml version="1.0" encoding="UTF-8"?>
<coverage generated="1732287315332" clover="3.2.0">
  <project timestamp="1732287315332" name="All files">
    <metrics statements="4" coveredstatements="4" conditionals="2" coveredconditionals="1" methods="1" coveredmethods="1" elements="7" coveredelements="6" complexity="0" loc="4" ncloc="4" packages="1" files="1" classes="1"/>
    <file name="Todo.jsx" path="C:\Courses\fullstack\test\part12-containers-applications\todo-app\todo-frontend\src\Todos\Todo.jsx">
      <metrics statements="4" coveredstatements="4" conditionals="2" coveredconditionals="1" methods="1" coveredmethods="1"/>
      <line num="1" count="1" type="stmt"/>
      <line num="3" count="1" type="stmt"/>
      <line num="12" count="1" type="stmt"/>
      <line num="23" count="1" type="stmt"/>
    </file>
  </project>
</coverage>
