{"C:\\Courses\\fullstack\\test\\part12-containers-applications\\todo-app\\todo-frontend\\src\\Todos\\Todo.jsx": {"path":"C:\\Courses\\fullstack\\test\\part12-containers-applications\\todo-app\\todo-frontend\\src\\Todos\\Todo.jsx","statementMap":{"0":{"start":{"line":1,"column":13},"end":{"line":31,"column":1}},"1":{"start":{"line":3,"column":4},"end":{"line":8,"column":7}},"2":{"start":{"line":12,"column":4},"end":{"line":20,"column":7}},"3":{"start":{"line":23,"column":2},"end":{"line":30,"column":3}}},"fnMap":{"0":{"name":"(anonymous_0)","decl":{"start":{"line":1,"column":13},"end":{"line":1,"column":14}},"loc":{"start":{"line":1,"column":59},"end":{"line":31,"column":1}},"line":1}},"branchMap":{"0":{"loc":{"start":{"line":28,"column":7},"end":{"line":28,"column":41}},"type":"cond-expr","locations":[{"start":{"line":28,"column":19},"end":{"line":28,"column":27}},{"start":{"line":28,"column":30},"end":{"line":28,"column":41}}],"line":28}},"s":{"0":1,"1":1,"2":1,"3":1},"f":{"0":1},"b":{"0":[0,1]},"_coverageSchema":"1a1c01bbd47fc00a2c39e90264f33305004495a9","hash":"136f5fc05bdd485ad436061cba2a12a425179c8a"}
}
